0 info it worked if it ends with ok
1 verbose cli [ '/usr/local/Cellar/node/6.3.1/bin/node',
1 verbose cli   '/usr/local/bin/npm',
1 verbose cli   'start' ]
2 info using npm@3.10.3
3 info using node@v6.3.1
4 verbose run-script [ 'prestart', 'start', 'poststart' ]
5 info lifecycle heroku-node@~prestart: heroku-node@
6 silly lifecycle heroku-node@~prestart: no script for prestart, continuing
7 info lifecycle heroku-node@~start: heroku-node@
8 verbose lifecycle heroku-node@~start: unsafe-perm in lifecycle true
9 verbose lifecycle heroku-node@~start: PATH: /usr/local/lib/node_modules/npm/bin/node-gyp-bin:/Users/snehapradhan/Documents/BU/BU_Spring_2017/Senior Design/Luminesense/node_modules/.bin:/usr/local/Cellar/node/6.3.1/bin:/Library/Frameworks/Python.framework/Versions/3.5/bin:/usr/local/bin:/usr/local/sbin:/usr/bin:/bin:/usr/sbin:/sbin:/usr/local/share/dotnet/bin:/Library/TeX/texbin:/Users/snehapradhan/.cf.files/bin
10 verbose lifecycle heroku-node@~start: CWD: /Users/snehapradhan/Documents/BU/BU_Spring_2017/Senior Design/Luminesense
11 silly lifecycle heroku-node@~start: Args: [ '-c', 'node server.js' ]
12 silly lifecycle heroku-node@~start: Returned: code: 1  signal: null
13 info lifecycle heroku-node@~start: Failed to exec start script
14 verbose stack Error: heroku-node@ start: `node server.js`
14 verbose stack Exit status 1
14 verbose stack     at EventEmitter.<anonymous> (/usr/local/lib/node_modules/npm/lib/utils/lifecycle.js:242:16)
14 verbose stack     at emitTwo (events.js:106:13)
14 verbose stack     at EventEmitter.emit (events.js:191:7)
14 verbose stack     at ChildProcess.<anonymous> (/usr/local/lib/node_modules/npm/lib/utils/spawn.js:40:14)
14 verbose stack     at emitTwo (events.js:106:13)
14 verbose stack     at ChildProcess.emit (events.js:191:7)
14 verbose stack     at maybeClose (internal/child_process.js:852:16)
14 verbose stack     at Process.ChildProcess._handle.onexit (internal/child_process.js:215:5)
15 verbose pkgid heroku-node@
16 verbose cwd /Users/snehapradhan/Documents/BU/BU_Spring_2017/Senior Design/Luminesense
17 error Darwin 15.0.0
18 error argv "/usr/local/Cellar/node/6.3.1/bin/node" "/usr/local/bin/npm" "start"
19 error node v6.3.1
20 error npm  v3.10.3
21 error code ELIFECYCLE
22 error heroku-node@ start: `node server.js`
22 error Exit status 1
23 error Failed at the heroku-node@ start script 'node server.js'.
23 error Make sure you have the latest version of node.js and npm installed.
23 error If you do, this is most likely a problem with the heroku-node package,
23 error not with npm itself.
23 error Tell the author that this fails on your system:
23 error     node server.js
23 error You can get information on how to open an issue for this project with:
23 error     npm bugs heroku-node
23 error Or if that isn't available, you can get their info via:
23 error     npm owner ls heroku-node
23 error There is likely additional logging output above.
24 verbose exit [ 1, true ]
